<?xml version="1.0" encoding="UTF-8"?>
<!-- Generated by org.testng.reporters.JUnitReportReporter -->
<testsuite hostname="NETCHAND-66FR8" failures="0" tests="1" name="getRequest.TC_GET_Request" time="2.264" errors="0" timestamp="2020-01-17T10:13:03 IST" skipped="0">
  <testcase classname="getRequest.TC_GET_Request" name="getWeatherDetails" time="2.264"/>
</testsuite> <!-- getRequest.TC_GET_Request -->
