<?xml version="1.0" encoding="UTF-8"?>
<!-- Generated by org.testng.reporters.JUnitReportReporter -->
<testsuite hostname="NETCHAND-66FR8" failures="0" tests="2" name="getRequest.GetData" time="3.668" errors="0" timestamp="2020-01-13T13:08:19 IST" skipped="0">
  <testcase classname="getRequest.GetData" name="testResponseCode" time="0.881"/>
  <testcase classname="getRequest.GetData" name="testBody" time="2.787"/>
</testsuite> <!-- getRequest.GetData -->
