<?xml version="1.0" encoding="UTF-8"?>
<!-- Generated by org.testng.reporters.JUnitReportReporter -->
<testsuite hostname="NETCHAND-66FR8" failures="0" tests="1" name="com.employeeapi.tests.Put_User_Record" time="0.001" errors="0" timestamp="2020-01-24T09:35:55 IST" skipped="0">
  <testcase classname="com.employeeapi.tests.Put_User_Record" name="checkResponseBody" time="0.001"/>
</testsuite> <!-- com.employeeapi.tests.Put_User_Record -->
