<?xml version="1.0" encoding="UTF-8"?>
<!-- Generated by org.testng.reporters.JUnitReportReporter -->
<testsuite hostname="NETCHAND-66FR8" failures="0" tests="5" name="com.employeeapi.tests.Get_All_Employees" time="0.042" errors="0" timestamp="2020-01-24T09:35:55 IST" skipped="0">
  <testcase classname="com.employeeapi.tests.Get_All_Employees" name="checkResponseTime" time="0.001"/>
  <testcase classname="com.employeeapi.tests.Get_All_Employees" name="checkStatusLine" time="0.002"/>
  <testcase classname="com.employeeapi.tests.Get_All_Employees" name="checkResponseBody" time="0.029"/>
  <testcase classname="com.employeeapi.tests.Get_All_Employees" name="checkContentType" time="0.007"/>
  <testcase classname="com.employeeapi.tests.Get_All_Employees" name="checkStatusCode" time="0.003"/>
</testsuite> <!-- com.employeeapi.tests.Get_All_Employees -->
