<?xml version="1.0" encoding="UTF-8"?>
<!-- Generated by org.testng.reporters.JUnitReportReporter -->
<testsuite hostname="NETCHAND-66FR8" failures="0" tests="1" name="getRequest.TC01_GET_Regquest_Autherization" time="1.753" errors="0" timestamp="2020-01-17T10:30:54 IST" skipped="0">
  <testcase classname="getRequest.TC01_GET_Regquest_Autherization" name="Autherization" time="1.753"/>
</testsuite> <!-- getRequest.TC01_GET_Regquest_Autherization -->
